 Root.MainPipeline_0.MorphTargetPass -> Root.MainPipeline_0.SkinningPass [label=B_19_10000000_SkinnedMeshOutputStream_6BEE409F15734ADF8D8AFB8954C48492]
  Root.MainPipeline_0.SkinningPass -> Root.MainPipeline_0.DepthPrePass.DepthPass [label=B_19_10000000_SkinnedMeshOutputStream_6BEE409F15734ADF8D8AFB8954C48492]
  Root.MainPipeline_0.DepthPrePass.DepthPass -> Root.MainPipeline_0.DepthPrePass.MSAAResolveDepthPass [label=I_19_46d_26c_1_Root.MainPipeline_0.DepthPrePass.DepthPass.DepthStencil]
  Root.MainPipeline_0.DepthPrePass.MSAAResolveDepthPass -> Root.MainPipeline_0.DepthPrePass.DepthToLinearDepthPass [label=I_19_46d_26c_1_Root.MainPipeline_0.DepthPrePass.MSAAResolveDepthPass.ResolvedDepthOutput]
  Root.MainPipeline_0.DepthPrePass.DepthToLinearDepthPass -> Root.MainPipeline_0.MotionVectorPass.CameraMotionVectorPass [label=I_19_46d_26c_1_Root.MainPipeline_0.DepthPrePass.MSAAResolveDepthPass.ResolvedDepthOutput]
  Root.MainPipeline_0.DepthPrePass.DepthPass -> Root.MainPipeline_0.MotionVectorPass.MeshMotionVectorPass [label=B_19_10000000_SkinnedMeshOutputStream_6BEE409F15734ADF8D8AFB8954C48492]
  Root.MainPipeline_0.MotionVectorPass.CameraMotionVectorPass -> Root.MainPipeline_0.MotionVectorPass.MeshMotionVectorPass [label=I_5_46d_26c_1_Root.MainPipeline_0.MotionVectorPass.CameraMotionVectorPass.CameraMotion]
  Root.MainPipeline_0.MotionVectorPass.MeshMotionVectorPass -> Root.MainPipeline_0.LightCullingPass.DepthTransparentMinPass [label=B_19_10000000_SkinnedMeshOutputStream_6BEE409F15734ADF8D8AFB8954C48492]
  Root.MainPipeline_0.LightCullingPass.DepthTransparentMinPass -> Root.MainPipeline_0.LightCullingPass.DepthTransparentMaxPass [label=B_19_10000000_SkinnedMeshOutputStream_6BEE409F15734ADF8D8AFB8954C48492]
  Root.MainPipeline_0.DepthPrePass.MSAAResolveDepthPass -> Root.MainPipeline_0.LightCullingPass.LightCullingTilePreparePass [label=I_19_46d_26c_1_Root.MainPipeline_0.DepthPrePass.DepthPass.DepthStencil]
  Root.MainPipeline_0.LightCullingPass.DepthTransparentMinPass -> Root.MainPipeline_0.LightCullingPass.LightCullingTilePreparePass [label=I_19_46d_26c_1_Root.MainPipeline_0.LightCullingPass.DepthTransparentMinPass.DepthStencil]
  Root.MainPipeline_0.LightCullingPass.DepthTransparentMaxPass -> Root.MainPipeline_0.LightCullingPass.LightCullingTilePreparePass [label=I_19_46d_26c_1_Root.MainPipeline_0.LightCullingPass.DepthTransparentMaxPass.DepthStencil]
  Root.MainPipeline_0.LightCullingPass.LightCullingTilePreparePass -> Root.MainPipeline_0.LightCullingPass.LightCullingPass [label=I_3_47_27_1_Root.MainPipeline_0.LightCullingPass.LightCullingTilePreparePass.TileLightData]
  Root.MainPipeline_0.LightCullingPass.LightCullingPass -> Root.MainPipeline_0.LightCullingPass.LightCullingRemapPass [label=I_3_47_27_1_Root.MainPipeline_0.LightCullingPass.LightCullingTilePreparePass.TileLightData]
  Root.MainPipeline_0.LightCullingPass.DepthTransparentMaxPass -> Root.MainPipeline_0.Shadows.Cascades.0 [label=B_19_10000000_SkinnedMeshOutputStream_6BEE409F15734ADF8D8AFB8954C48492]
  Root.MainPipeline_0.Shadows.Cascades.0 -> Root.MainPipeline_0.Shadows.FullscreenShadowPass_Pre [label=I_19_1_1_1_Root.MainPipeline_0.Shadows.Cascades.ShadowmapImage]
  Root.MainPipeline_0.LightCullingPass.LightCullingTilePreparePass -> Root.MainPipeline_0.Shadows.FullscreenShadowPass_Pre [label=I_19_46d_26c_1_Root.MainPipeline_0.DepthPrePass.DepthPass.DepthStencil]
  Root.MainPipeline_0.DepthPrePass.DepthToLinearDepthPass -> Root.MainPipeline_0.Shadows.FullscreenShadowPass_Pre [label=I_5_46d_26c_1_Root.MainPipeline_0.DepthPrePass.DepthToLinearDepthPass.LinearDepth]
  Root.MainPipeline_0.Shadows.FullscreenShadowPass_Pre -> Root.MainPipeline_0.Shadows.FullscreenShadowPass [label=I_19_46d_26c_1_Root.MainPipeline_0.DepthPrePass.DepthPass.DepthStencil]
  Root.MainPipeline_0.Shadows.FullscreenShadowPass -> Root.MainPipeline_0.Shadows.FullscreenShadowPass_After [label=I_5_46d_26c_1_Root.MainPipeline_0.Shadows.FullscreenShadowPass.Result]
  Root.MainPipeline_0.Shadows.FullscreenShadowPass -> Root.MainPipeline_0.Shadows.FullscreenShadowBlur.VerticalBlur [label=I_5_46d_26c_1_Root.MainPipeline_0.DepthPrePass.DepthToLinearDepthPass.LinearDepth]
  Root.MainPipeline_0.Shadows.FullscreenShadowPass_After -> Root.MainPipeline_0.Shadows.FullscreenShadowBlur.VerticalBlur [label=I_5_46d_26c_1_Root.MainPipeline_0.Shadows.FullscreenShadowPass.Result]
  Root.MainPipeline_0.Shadows.FullscreenShadowBlur.VerticalBlur -> Root.MainPipeline_0.Shadows.FullscreenShadowBlur.HorizontalBlur [label=I_5_46d_26c_1_Root.MainPipeline_0.DepthPrePass.DepthToLinearDepthPass.LinearDepth]
  Root.MainPipeline_0.Shadows.FullscreenShadowBlur.HorizontalBlur -> Root.MainPipeline_0.OpaquePass.Forward [label=I_3_46d_26c_1_Root.MainPipeline_0.Shadows.FullscreenShadowBlur.HorizontalBlur.BlurOutput]
  Root.MainPipeline_0.Shadows.FullscreenShadowPass_Pre -> Root.MainPipeline_0.OpaquePass.Forward [label=I_19_1_1_1_Root.MainPipeline_0.Shadows.Cascades.ShadowmapImage]
  Root.MainPipeline_0.LightCullingPass.LightCullingRemapPass -> Root.MainPipeline_0.OpaquePass.Forward [label=I_3_47_27_1_Root.MainPipeline_0.LightCullingPass.LightCullingTilePreparePass.TileLightData]
  Root.MainPipeline_0.Shadows.FullscreenShadowPass -> Root.MainPipeline_0.OpaquePass.Forward [label=I_19_46d_26c_1_Root.MainPipeline_0.DepthPrePass.DepthPass.DepthStencil]
  Root.MainPipeline_0.OpaquePass.Forward -> Root.MainPipeline_0.OpaquePass.SilhouetteGatherPass [label=I_19_46d_26c_1_Root.MainPipeline_0.DepthPrePass.DepthPass.DepthStencil]
  Root.MainPipeline_0.OpaquePass.Forward -> Root.MainPipeline_0.OpaquePass.ForwardSubsurface [label=I_43_100_100_1_$BrdfTexture]
  Root.MainPipeline_0.OpaquePass.SilhouetteGatherPass -> Root.MainPipeline_0.OpaquePass.ForwardSubsurface [label=I_19_46d_26c_1_Root.MainPipeline_0.DepthPrePass.DepthPass.DepthStencil]
  Root.MainPipeline_0.OpaquePass.DiffuseGlobalIlluminationPass.Clear.IrradianceOutput -> Root.MainPipeline_0.OpaquePass.DiffuseGlobalIlluminationPass.DiffuseCompositePass [label=I_5_11c_9b_1_Root.MainPipeline_0.OpaquePass.DiffuseGlobalIlluminationPass.IrradianceImage]
  Root.MainPipeline_0.OpaquePass.ForwardSubsurface -> Root.MainPipeline_0.OpaquePass.DiffuseGlobalIlluminationPass.DiffuseCompositePass [label=I_5_46d_26c_1_Root.MainPipeline_0.OpaquePass.Forward.AlbedoImage]
  Root.MainPipeline_0.OpaquePass.DiffuseGlobalIlluminationPass.DiffuseCompositePass -> Root.MainPipeline_0.OpaquePass.ReflectionsPass.ReflectionProbeStencilPass [label=I_19_46d_26c_1_Root.MainPipeline_0.DepthPrePass.DepthPass.DepthStencil]
  Root.MainPipeline_0.OpaquePass.ReflectionsPass.ReflectionProbeStencilPass -> Root.MainPipeline_0.OpaquePass.ReflectionsPass.ReflectionProbeBlendWeightPass [label=I_19_46d_26c_1_Root.MainPipeline_0.DepthPrePass.DepthPass.DepthStencil]
  Root.MainPipeline_0.OpaquePass.ReflectionsPass.ReflectionProbeBlendWeightPass -> Root.MainPipeline_0.OpaquePass.ReflectionsPass.ReflectionGlobalFullscreenPass [label=I_19_46d_26c_1_Root.MainPipeline_0.DepthPrePass.DepthPass.DepthStencil]
  Root.MainPipeline_0.OpaquePass.DiffuseGlobalIlluminationPass.DiffuseCompositePass -> Root.MainPipeline_0.OpaquePass.ReflectionsPass.ReflectionGlobalFullscreenPass [label=I_5_46d_26c_1_Root.MainPipeline_0.OpaquePass.Forward.NormalImage]
  Root.MainPipeline_0.OpaquePass.ForwardSubsurface -> Root.MainPipeline_0.OpaquePass.ReflectionsPass.ReflectionGlobalFullscreenPass [label=I_5_46d_26c_1_Root.MainPipeline_0.OpaquePass.Forward.SpecularF0Image]
  Root.MainPipeline_0.OpaquePass.ReflectionsPass.ReflectionGlobalFullscreenPass -> Root.MainPipeline_0.OpaquePass.ReflectionsPass.ReflectionProbeRenderOuterPass [label=I_19_46d_26c_1_Root.MainPipeline_0.DepthPrePass.DepthPass.DepthStencil]
  Root.MainPipeline_0.OpaquePass.ReflectionsPass.ReflectionProbeRenderOuterPass -> Root.MainPipeline_0.OpaquePass.ReflectionsPass.ReflectionProbeRenderInnerPass [label=I_19_46d_26c_1_Root.MainPipeline_0.DepthPrePass.DepthPass.DepthStencil]
  Root.MainPipeline_0.OpaquePass.ForwardSubsurface -> Root.MainPipeline_0.OpaquePass.SkyBoxPass [label=I_5_46d_26c_1_Root.MainPipeline_0.OpaquePass.Forward.SpecularImage]
  Root.MainPipeline_0.OpaquePass.ReflectionsPass.ReflectionProbeRenderInnerPass -> Root.MainPipeline_0.OpaquePass.SkyBoxPass [label=I_5_46d_26c_1_Root.MainPipeline_0.OpaquePass.ReflectionsPass.ReflectionGlobalFullscreenPass.ReflectionImage]
  Root.MainPipeline_0.OpaquePass.SkyBoxPass -> Root.MainPipeline_0.OpaquePass.ReflectionCompositePass [label=I_5_46d_26c_1_Root.MainPipeline_0.OpaquePass.ReflectionsPass.ReflectionGlobalFullscreenPass.ReflectionImage]
  Root.MainPipeline_0.OpaquePass.DiffuseGlobalIlluminationPass.DiffuseCompositePass -> Root.MainPipeline_0.OpaquePass.MSAAResolveDiffusePass [label=I_5_46d_26c_1_Root.MainPipeline_0.OpaquePass.Forward.DiffuseImage]
  Root.MainPipeline_0.OpaquePass.ReflectionCompositePass -> Root.MainPipeline_0.OpaquePass.MSAAResolveSpecularPass [label=I_5_46d_26c_1_Root.MainPipeline_0.OpaquePass.Forward.SpecularImage]
  Root.MainPipeline_0.OpaquePass.ForwardSubsurface -> Root.MainPipeline_0.OpaquePass.MSAAResolveScatterDistancePass [label=I_5_46d_26c_1_Root.MainPipeline_0.OpaquePass.ForwardSubsurface.ScatterDistanceImage]
  Root.MainPipeline_0.OpaquePass.MSAAResolveDiffusePass -> Root.MainPipeline_0.OpaquePass.SubsurfaceScatteringPass [label=I_41_46d_26c_1_Root.MainPipeline_0.OpaquePass.MSAAResolveDiffusePass.ResolvedOutput]
  Root.MainPipeline_0.Shadows.FullscreenShadowBlur.HorizontalBlur -> Root.MainPipeline_0.OpaquePass.SubsurfaceScatteringPass [label=I_5_46d_26c_1_Root.MainPipeline_0.DepthPrePass.DepthToLinearDepthPass.LinearDepth]
  Root.MainPipeline_0.OpaquePass.MSAAResolveScatterDistancePass -> Root.MainPipeline_0.OpaquePass.SubsurfaceScatteringPass [label=I_41_46d_26c_1_Root.MainPipeline_0.OpaquePass.MSAAResolveScatterDistancePass.ResolvedOutput]
  Root.MainPipeline_0.OpaquePass.SubsurfaceScatteringPass -> Root.MainPipeline_0.OpaquePass.Ssao.DepthDownsample [label=I_5_46d_26c_1_Root.MainPipeline_0.DepthPrePass.DepthToLinearDepthPass.LinearDepth]
  Root.MainPipeline_0.OpaquePass.Ssao.DepthDownsample -> Root.MainPipeline_0.OpaquePass.Ssao.SsaoCompute [label=I_3_237_136_1_Root.MainPipeline_0.OpaquePass.Ssao.DepthDownsample.DownsampledDepth]
  Root.MainPipeline_0.OpaquePass.Ssao.SsaoCompute -> Root.MainPipeline_0.OpaquePass.Ssao.SsaoBlur.VerticalBlur [label=I_3_237_136_1_Root.MainPipeline_0.OpaquePass.Ssao.DepthDownsample.DownsampledDepth]
  Root.MainPipeline_0.OpaquePass.Ssao.SsaoBlur.VerticalBlur -> Root.MainPipeline_0.OpaquePass.Ssao.SsaoBlur.HorizontalBlur [label=I_3_237_136_1_Root.MainPipeline_0.OpaquePass.Ssao.DepthDownsample.DownsampledDepth]
  Root.MainPipeline_0.OpaquePass.Ssao.DepthDownsample -> Root.MainPipeline_0.OpaquePass.Ssao.Upsample [label=I_5_46d_26c_1_Root.MainPipeline_0.DepthPrePass.DepthToLinearDepthPass.LinearDepth]
  Root.MainPipeline_0.OpaquePass.Ssao.SsaoBlur.HorizontalBlur -> Root.MainPipeline_0.OpaquePass.Ssao.Upsample [label=I_3_237_136_1_Root.MainPipeline_0.OpaquePass.Ssao.DepthDownsample.DownsampledDepth]
  Root.MainPipeline_0.OpaquePass.Ssao.Upsample -> Root.MainPipeline_0.OpaquePass.Ssao.ModulateWithSsao [label=I_3_46d_26c_1_Root.MainPipeline_0.OpaquePass.Ssao.Upsample.UpsampledOutput]
  Root.MainPipeline_0.OpaquePass.SubsurfaceScatteringPass -> Root.MainPipeline_0.OpaquePass.Ssao.ModulateWithSsao [label=I_3_46d_26c_1_Root.MainPipeline_0.OpaquePass.SubsurfaceScatteringPass.FilteredOutput]
  Root.MainPipeline_0.OpaquePass.Ssao.ModulateWithSsao -> Root.MainPipeline_0.OpaquePass.DiffuseSpecularMergePass [label=I_3_46d_26c_1_Root.MainPipeline_0.OpaquePass.SubsurfaceScatteringPass.FilteredOutput]
  Root.MainPipeline_0.OpaquePass.MSAAResolveSpecularPass -> Root.MainPipeline_0.OpaquePass.DiffuseSpecularMergePass [label=I_5_46d_26c_1_Root.MainPipeline_0.OpaquePass.MSAAResolveSpecularPass.ResolvedOutput]
  Root.MainPipeline_0.OpaquePass.ReflectionsPass.ReflectionProbeRenderInnerPass -> Root.MainPipeline_0.TransparentPass.TransparentPass [label=I_43_100_100_1_$BrdfTexture]
  Root.MainPipeline_0.OpaquePass.DiffuseSpecularMergePass -> Root.MainPipeline_0.TransparentPass.TransparentPass [label=I_7_46d_26c_1_Root.MainPipeline_0.OpaquePass.DiffuseSpecularMergePass.MergedOutput]
  Root.MainPipeline_0.OpaquePass.ForwardSubsurface -> Root.MainPipeline_0.TransparentPass.TransparentPass [label=I_19_1_1_1_Root.MainPipeline_0.Shadows.Cascades.ShadowmapImage]
  Root.MainPipeline_0.OpaquePass.Ssao.Upsample -> Root.MainPipeline_0.TransparentPass.TransparentPass [label=I_5_46d_26c_1_Root.MainPipeline_0.DepthPrePass.DepthToLinearDepthPass.LinearDepth]
  Root.MainPipeline_0.MotionVectorPass.CameraMotionVectorPass -> Root.MainPipeline_0.TransparentPass.TransparentPass [label=I_19_46d_26c_1_Root.MainPipeline_0.DepthPrePass.MSAAResolveDepthPass.ResolvedDepthOutput]
  Root.MainPipeline_0.TransparentPass.TransparentPass -> Root.MainPipeline_0.PostProcessPass.LightAdaptation.DownsampleSinglePassLuminance [label=I_7_46d_26c_1_Root.MainPipeline_0.OpaquePass.DiffuseSpecularMergePass.MergedOutput]
  Root.MainPipeline_0.PostProcessPass.LightAdaptation.DownsampleSinglePassLuminance -> Root.MainPipeline_0.PostProcessPass.LightAdaptation.LookModificationTransformPass.LookModificationComposite [label=I_7_46d_26c_1_Root.MainPipeline_0.OpaquePass.DiffuseSpecularMergePass.MergedOutput]
  Root.MainPipeline_0.PostProcessPass.LightAdaptation.LookModificationTransformPass.LookModificationComposite -> Root.MainPipeline_0.PostProcessPass.LightAdaptation.DisplayMapperPass.AcesOutputTransform [label=I_5_46d_26c_1_Root.MainPipeline_0.PostProcessPass.LightAdaptation.LookModificationTransformPass.LookModificationComposite.LookModificationTransformOutput]
  Root.MainPipeline_0.TransparentPass.TransparentPass -> Root.MainPipeline_0.EditorModeFeedback.editormodeinterestmask_EntityMaskPass [label=I_19_46d_26c_1_Root.MainPipeline_0.DepthPrePass.MSAAResolveDepthPass.ResolvedDepthOutput]
  Root.MainPipeline_0.EditorModeFeedback.editormodeinterestmask_EntityMaskPass -> Root.MainPipeline_0.EditorModeFeedback.editormodeselectedmask_EntityMaskPass [label=I_19_46d_26c_1_Root.MainPipeline_0.DepthPrePass.MSAAResolveDepthPass.ResolvedDepthOutput]
  Root.MainPipeline_0.EditorModeFeedback.editormodeselectedmask_EntityMaskPass -> Root.MainPipeline_0.EditorModeFeedback.EntitySelectionPass.EntitySelectionTemplateChildPass0_EditorModeOutlineTemplate [label=I_19_46d_26c_1_Root.MainPipeline_0.DepthPrePass.MSAAResolveDepthPass.ResolvedDepthOutput]
  Root.MainPipeline_0.PostProcessPass.LightAdaptation.DisplayMapperPass.AcesOutputTransform -> Root.MainPipeline_0.EditorModeFeedback.EntitySelectionPass.EntitySelectionTemplateChildPass0_EditorModeOutlineTemplate [label=I_7_46d_26c_1_Root.MainPipeline_0.PostProcessPass.LightAdaptation.DisplayMapperPass.DisplayMapperOutput]
  Root.MainPipeline_0.EditorModeFeedback.EntitySelectionPass.EntitySelectionTemplateChildPass0_EditorModeOutlineTemplate -> Root.MainPipeline_0.EditorModeFeedback.EntitySelectionBufferCopyPass [label=I_5_46d_26c_1_Root.MainPipeline_0.EditorModeFeedback.EntitySelectionPass.EntitySelectionTemplateChildPass0_EditorModeOutlineTemplate.OutputAttachment]
  Root.MainPipeline_0.EditorModeFeedback.EntitySelectionBufferCopyPass -> Root.MainPipeline_0.AuxGeomPass [label=I_7_46d_26c_1_Root.MainPipeline_0.PostProcessPass.LightAdaptation.DisplayMapperPass.DisplayMapperOutput]
  Root.MainPipeline_0.EditorModeFeedback.EntitySelectionPass.EntitySelectionTemplateChildPass0_EditorModeOutlineTemplate -> Root.MainPipeline_0.AuxGeomPass [label=I_19_46d_26c_1_Root.MainPipeline_0.DepthPrePass.MSAAResolveDepthPass.ResolvedDepthOutput]
  Root.MainPipeline_0.AuxGeomPass -> Root.MainPipeline_0.LyShinePass.LyShineChildPass [label=I_7_46d_26c_1_Root.MainPipeline_0.PostProcessPass.LightAdaptation.DisplayMapperPass.DisplayMapperOutput]
  Root.MainPipeline_0.LyShinePass.LyShineChildPass -> Root.MainPipeline_0.UIPass.2DPass [label=I_19_46d_26c_1_Root.MainPipeline_0.DepthPrePass.MSAAResolveDepthPass.ResolvedDepthOutput]
  Root.MainPipeline_0.UIPass.2DPass -> Root.MainPipeline_0.UIPass.ImGuiPass [label=I_7_46d_26c_1_Root.MainPipeline_0.PostProcessPass.LightAdaptation.DisplayMapperPass.DisplayMapperOutput]
  Root.MainPipeline_0.UIPass.ImGuiPass -> Root.MainPipeline_0.CopyToSwapChain [label=I_7_46d_26c_1_Root.MainPipeline_0.PostProcessPass.LightAdaptation.DisplayMapperPass.DisplayMapperOutput]
  Root.MainPipeline_0.Shadows.Cascades.0 -> Root.PreviewRendererSystemComponent Preview Pipeline.Pipeline.MorphTargetPass [label=B_19_10000000_SkinnedMeshOutputStream_6BEE409F15734ADF8D8AFB8954C48492]
  Root.PreviewRendererSystemComponent Preview Pipeline.Pipeline.MorphTargetPass -> Root.PreviewRendererSystemComponent Preview Pipeline.Pipeline.SkinningPass [label=B_19_10000000_SkinnedMeshOutputStream_6BEE409F15734ADF8D8AFB8954C48492]
  Root.PreviewRendererSystemComponent Preview Pipeline.Pipeline.SkinningPass -> Root.PreviewRendererSystemComponent Preview Pipeline.Pipeline.DepthPrePass.DepthPass [label=B_19_10000000_SkinnedMeshOutputStream_6BEE409F15734ADF8D8AFB8954C48492]
  Root.PreviewRendererSystemComponent Preview Pipeline.Pipeline.DepthPrePass.DepthPass -> Root.PreviewRendererSystemComponent Preview Pipeline.Pipeline.DepthPrePass.MSAAResolveDepthPass [label=I_19_200_200_1_Root.PreviewRendererSystemComponent Preview Pipeline.Pipeline.DepthPrePass.DepthPass.DepthStencil]
  Root.PreviewRendererSystemComponent Preview Pipeline.Pipeline.DepthPrePass.MSAAResolveDepthPass -> Root.PreviewRendererSystemComponent Preview Pipeline.Pipeline.DepthPrePass.DepthToLinearDepthPass [label=I_19_200_200_1_Root.PreviewRendererSystemComponent Preview Pipeline.Pipeline.DepthPrePass.MSAAResolveDepthPass.ResolvedDepthOutput]
  Root.PreviewRendererSystemComponent Preview Pipeline.Pipeline.DepthPrePass.DepthToLinearDepthPass -> Root.PreviewRendererSystemComponent Preview Pipeline.Pipeline.MotionVectorPass.CameraMotionVectorPass [label=I_19_200_200_1_Root.PreviewRendererSystemComponent Preview Pipeline.Pipeline.DepthPrePass.MSAAResolveDepthPass.ResolvedDepthOutput]
  Root.PreviewRendererSystemComponent Preview Pipeline.Pipeline.DepthPrePass.DepthPass -> Root.PreviewRendererSystemComponent Preview Pipeline.Pipeline.MotionVectorPass.MeshMotionVectorPass [label=B_19_10000000_SkinnedMeshOutputStream_6BEE409F15734ADF8D8AFB8954C48492]
  Root.PreviewRendererSystemComponent Preview Pipeline.Pipeline.MotionVectorPass.CameraMotionVectorPass -> Root.PreviewRendererSystemComponent Preview Pipeline.Pipeline.MotionVectorPass.MeshMotionVectorPass [label=I_5_200_200_1_Root.PreviewRendererSystemComponent Preview Pipeline.Pipeline.MotionVectorPass.CameraMotionVectorPass.CameraMotion]
  Root.PreviewRendererSystemComponent Preview Pipeline.Pipeline.MotionVectorPass.MeshMotionVectorPass -> Root.PreviewRendererSystemComponent Preview Pipeline.Pipeline.LightCullingPass.DepthTransparentMinPass [label=B_19_10000000_SkinnedMeshOutputStream_6BEE409F15734ADF8D8AFB8954C48492]
  Root.PreviewRendererSystemComponent Preview Pipeline.Pipeline.LightCullingPass.DepthTransparentMinPass -> Root.PreviewRendererSystemComponent Preview Pipeline.Pipeline.LightCullingPass.DepthTransparentMaxPass [label=B_19_10000000_SkinnedMeshOutputStream_6BEE409F15734ADF8D8AFB8954C48492]
  Root.PreviewRendererSystemComponent Preview Pipeline.Pipeline.DepthPrePass.MSAAResolveDepthPass -> Root.PreviewRendererSystemComponent Preview Pipeline.Pipeline.LightCullingPass.LightCullingTilePreparePass [label=I_19_200_200_1_Root.PreviewRendererSystemComponent Preview Pipeline.Pipeline.DepthPrePass.DepthPass.DepthStencil]
  Root.PreviewRendererSystemComponent Preview Pipeline.Pipeline.LightCullingPass.DepthTransparentMinPass -> Root.PreviewRendererSystemComponent Preview Pipeline.Pipeline.LightCullingPass.LightCullingTilePreparePass [label=I_19_200_200_1_Root.PreviewRendererSystemComponent Preview Pipeline.Pipeline.LightCullingPass.DepthTransparentMinPass.DepthStencil]
  Root.PreviewRendererSystemComponent Preview Pipeline.Pipeline.LightCullingPass.DepthTransparentMaxPass -> Root.PreviewRendererSystemComponent Preview Pipeline.Pipeline.LightCullingPass.LightCullingTilePreparePass [label=I_19_200_200_1_Root.PreviewRendererSystemComponent Preview Pipeline.Pipeline.LightCullingPass.DepthTransparentMaxPass.DepthStencil]
  Root.PreviewRendererSystemComponent Preview Pipeline.Pipeline.LightCullingPass.LightCullingTilePreparePass -> Root.PreviewRendererSystemComponent Preview Pipeline.Pipeline.LightCullingPass.LightCullingPass [label=I_3_20_20_1_Root.PreviewRendererSystemComponent Preview Pipeline.Pipeline.LightCullingPass.LightCullingTilePreparePass.TileLightData]
  Root.PreviewRendererSystemComponent Preview Pipeline.Pipeline.LightCullingPass.LightCullingPass -> Root.PreviewRendererSystemComponent Preview Pipeline.Pipeline.LightCullingPass.LightCullingRemapPass [label=I_3_20_20_1_Root.PreviewRendererSystemComponent Preview Pipeline.Pipeline.LightCullingPass.LightCullingTilePreparePass.TileLightData]
  Root.PreviewRendererSystemComponent Preview Pipeline.Pipeline.LightCullingPass.DepthTransparentMaxPass -> Root.PreviewRendererSystemComponent Preview Pipeline.Pipeline.Shadows.Cascades.0 [label=B_19_10000000_SkinnedMeshOutputStream_6BEE409F15734ADF8D8AFB8954C48492]
  Root.PreviewRendererSystemComponent Preview Pipeline.Pipeline.Shadows.Cascades.0 -> Root.PreviewRendererSystemComponent Preview Pipeline.Pipeline.Shadows.FullscreenShadowPass [label=I_19_1_1_1_Root.PreviewRendererSystemComponent Preview Pipeline.Pipeline.Shadows.Cascades.ShadowmapImage]
  Root.PreviewRendererSystemComponent Preview Pipeline.Pipeline.LightCullingPass.LightCullingTilePreparePass -> Root.PreviewRendererSystemComponent Preview Pipeline.Pipeline.Shadows.FullscreenShadowPass [label=I_19_200_200_1_Root.PreviewRendererSystemComponent Preview Pipeline.Pipeline.DepthPrePass.DepthPass.DepthStencil]
  Root.PreviewRendererSystemComponent Preview Pipeline.Pipeline.DepthPrePass.DepthToLinearDepthPass -> Root.PreviewRendererSystemComponent Preview Pipeline.Pipeline.Shadows.FullscreenShadowPass [label=I_5_200_200_1_Root.PreviewRendererSystemComponent Preview Pipeline.Pipeline.DepthPrePass.DepthToLinearDepthPass.LinearDepth]
  Root.PreviewRendererSystemComponent Preview Pipeline.Pipeline.Shadows.FullscreenShadowPass -> Root.PreviewRendererSystemComponent Preview Pipeline.Pipeline.Shadows.FullscreenShadowBlur.VerticalBlur [label=I_5_200_200_1_Root.PreviewRendererSystemComponent Preview Pipeline.Pipeline.DepthPrePass.DepthToLinearDepthPass.LinearDepth]
  Root.PreviewRendererSystemComponent Preview Pipeline.Pipeline.Shadows.FullscreenShadowBlur.VerticalBlur -> Root.PreviewRendererSystemComponent Preview Pipeline.Pipeline.Shadows.FullscreenShadowBlur.HorizontalBlur [label=I_5_200_200_1_Root.PreviewRendererSystemComponent Preview Pipeline.Pipeline.DepthPrePass.DepthToLinearDepthPass.LinearDepth]
  Root.MainPipeline_0.TransparentPass.TransparentPass -> Root.PreviewRendererSystemComponent Preview Pipeline.Pipeline.OpaquePass.Forward [label=I_43_100_100_1_$BrdfTexture]
  Root.PreviewRendererSystemComponent Preview Pipeline.Pipeline.Shadows.FullscreenShadowBlur.HorizontalBlur -> Root.PreviewRendererSystemComponent Preview Pipeline.Pipeline.OpaquePass.Forward [label=I_3_200_200_1_Root.PreviewRendererSystemComponent Preview Pipeline.Pipeline.Shadows.FullscreenShadowBlur.HorizontalBlur.BlurOutput]
  Root.PreviewRendererSystemComponent Preview Pipeline.Pipeline.Shadows.FullscreenShadowPass -> Root.PreviewRendererSystemComponent Preview Pipeline.Pipeline.OpaquePass.Forward [label=I_19_1_1_1_Root.PreviewRendererSystemComponent Preview Pipeline.Pipeline.Shadows.Cascades.ShadowmapImage]
  Root.PreviewRendererSystemComponent Preview Pipeline.Pipeline.LightCullingPass.LightCullingRemapPass -> Root.PreviewRendererSystemComponent Preview Pipeline.Pipeline.OpaquePass.Forward [label=I_3_20_20_1_Root.PreviewRendererSystemComponent Preview Pipeline.Pipeline.LightCullingPass.LightCullingTilePreparePass.TileLightData]
  Root.PreviewRendererSystemComponent Preview Pipeline.Pipeline.OpaquePass.Forward -> Root.PreviewRendererSystemComponent Preview Pipeline.Pipeline.OpaquePass.ForwardSubsurface [label=I_43_100_100_1_$BrdfTexture]
  Root.PreviewRendererSystemComponent Preview Pipeline.Pipeline.OpaquePass.ForwardSubsurface -> Root.PreviewRendererSystemComponent Preview Pipeline.Pipeline.OpaquePass.DiffuseGlobalFullscreenPass [label=I_5_200_200_1_Root.PreviewRendererSystemComponent Preview Pipeline.Pipeline.OpaquePass.Forward.AlbedoImage]
  Root.PreviewRendererSystemComponent Preview Pipeline.Pipeline.OpaquePass.DiffuseGlobalFullscreenPass -> Root.PreviewRendererSystemComponent Preview Pipeline.Pipeline.OpaquePass.ReflectionsPass.ReflectionProbeStencilPass [label=I_19_200_200_1_Root.PreviewRendererSystemComponent Preview Pipeline.Pipeline.DepthPrePass.DepthPass.DepthStencil]
  Root.PreviewRendererSystemComponent Preview Pipeline.Pipeline.OpaquePass.ReflectionsPass.ReflectionProbeStencilPass -> Root.PreviewRendererSystemComponent Preview Pipeline.Pipeline.OpaquePass.ReflectionsPass.ReflectionProbeBlendWeightPass [label=I_19_200_200_1_Root.PreviewRendererSystemComponent Preview Pipeline.Pipeline.DepthPrePass.DepthPass.DepthStencil]
  Root.PreviewRendererSystemComponent Preview Pipeline.Pipeline.OpaquePass.ReflectionsPass.ReflectionProbeBlendWeightPass -> Root.PreviewRendererSystemComponent Preview Pipeline.Pipeline.OpaquePass.ReflectionsPass.ReflectionGlobalFullscreenPass [label=I_19_200_200_1_Root.PreviewRendererSystemComponent Preview Pipeline.Pipeline.DepthPrePass.DepthPass.DepthStencil]
  Root.PreviewRendererSystemComponent Preview Pipeline.Pipeline.OpaquePass.DiffuseGlobalFullscreenPass -> Root.PreviewRendererSystemComponent Preview Pipeline.Pipeline.OpaquePass.ReflectionsPass.ReflectionGlobalFullscreenPass [label=I_5_200_200_1_Root.PreviewRendererSystemComponent Preview Pipeline.Pipeline.OpaquePass.Forward.NormalImage]
  Root.PreviewRendererSystemComponent Preview Pipeline.Pipeline.OpaquePass.ForwardSubsurface -> Root.PreviewRendererSystemComponent Preview Pipeline.Pipeline.OpaquePass.ReflectionsPass.ReflectionGlobalFullscreenPass [label=I_5_200_200_1_Root.PreviewRendererSystemComponent Preview Pipeline.Pipeline.OpaquePass.Forward.SpecularF0Image]
  Root.PreviewRendererSystemComponent Preview Pipeline.Pipeline.OpaquePass.ReflectionsPass.ReflectionGlobalFullscreenPass -> Root.PreviewRendererSystemComponent Preview Pipeline.Pipeline.OpaquePass.ReflectionsPass.ReflectionProbeRenderOuterPass [label=I_19_200_200_1_Root.PreviewRendererSystemComponent Preview Pipeline.Pipeline.DepthPrePass.DepthPass.DepthStencil]
  Root.PreviewRendererSystemComponent Preview Pipeline.Pipeline.OpaquePass.ReflectionsPass.ReflectionProbeRenderOuterPass -> Root.PreviewRendererSystemComponent Preview Pipeline.Pipeline.OpaquePass.ReflectionsPass.ReflectionProbeRenderInnerPass [label=I_19_200_200_1_Root.PreviewRendererSystemComponent Preview Pipeline.Pipeline.DepthPrePass.DepthPass.DepthStencil]
  Root.PreviewRendererSystemComponent Preview Pipeline.Pipeline.OpaquePass.ForwardSubsurface -> Root.PreviewRendererSystemComponent Preview Pipeline.Pipeline.OpaquePass.SkyBoxPass [label=I_5_200_200_1_Root.PreviewRendererSystemComponent Preview Pipeline.Pipeline.OpaquePass.Forward.SpecularImage]
  Root.PreviewRendererSystemComponent Preview Pipeline.Pipeline.OpaquePass.ReflectionsPass.ReflectionProbeRenderInnerPass -> Root.PreviewRendererSystemComponent Preview Pipeline.Pipeline.OpaquePass.SkyBoxPass [label=I_5_200_200_1_Root.PreviewRendererSystemComponent Preview Pipeline.Pipeline.OpaquePass.ReflectionsPass.ReflectionGlobalFullscreenPass.ReflectionImage]
  Root.PreviewRendererSystemComponent Preview Pipeline.Pipeline.OpaquePass.SkyBoxPass -> Root.PreviewRendererSystemComponent Preview Pipeline.Pipeline.OpaquePass.ReflectionCompositePass [label=I_5_200_200_1_Root.PreviewRendererSystemComponent Preview Pipeline.Pipeline.OpaquePass.ReflectionsPass.ReflectionGlobalFullscreenPass.ReflectionImage]
  Root.PreviewRendererSystemComponent Preview Pipeline.Pipeline.OpaquePass.DiffuseGlobalFullscreenPass -> Root.PreviewRendererSystemComponent Preview Pipeline.Pipeline.OpaquePass.MSAAResolveDiffusePass [label=I_5_200_200_1_Root.PreviewRendererSystemComponent Preview Pipeline.Pipeline.OpaquePass.Forward.DiffuseImage]
  Root.PreviewRendererSystemComponent Preview Pipeline.Pipeline.OpaquePass.ReflectionCompositePass -> Root.PreviewRendererSystemComponent Preview Pipeline.Pipeline.OpaquePass.MSAAResolveSpecularPass [label=I_5_200_200_1_Root.PreviewRendererSystemComponent Preview Pipeline.Pipeline.OpaquePass.Forward.SpecularImage]
  Root.PreviewRendererSystemComponent Preview Pipeline.Pipeline.OpaquePass.ForwardSubsurface -> Root.PreviewRendererSystemComponent Preview Pipeline.Pipeline.OpaquePass.MSAAResolveScatterDistancePass [label=I_5_200_200_1_Root.PreviewRendererSystemComponent Preview Pipeline.Pipeline.OpaquePass.ForwardSubsurface.ScatterDistanceImage]
  Root.PreviewRendererSystemComponent Preview Pipeline.Pipeline.OpaquePass.MSAAResolveDiffusePass -> Root.PreviewRendererSystemComponent Preview Pipeline.Pipeline.OpaquePass.SubsurfaceScatteringPass [label=I_41_200_200_1_Root.PreviewRendererSystemComponent Preview Pipeline.Pipeline.OpaquePass.MSAAResolveDiffusePass.ResolvedOutput]
  Root.PreviewRendererSystemComponent Preview Pipeline.Pipeline.Shadows.FullscreenShadowBlur.HorizontalBlur -> Root.PreviewRendererSystemComponent Preview Pipeline.Pipeline.OpaquePass.SubsurfaceScatteringPass [label=I_5_200_200_1_Root.PreviewRendererSystemComponent Preview Pipeline.Pipeline.DepthPrePass.DepthToLinearDepthPass.LinearDepth]
  Root.PreviewRendererSystemComponent Preview Pipeline.Pipeline.OpaquePass.MSAAResolveScatterDistancePass -> Root.PreviewRendererSystemComponent Preview Pipeline.Pipeline.OpaquePass.SubsurfaceScatteringPass [label=I_41_200_200_1_Root.PreviewRendererSystemComponent Preview Pipeline.Pipeline.OpaquePass.MSAAResolveScatterDistancePass.ResolvedOutput]
  Root.PreviewRendererSystemComponent Preview Pipeline.Pipeline.OpaquePass.SubsurfaceScatteringPass -> Root.PreviewRendererSystemComponent Preview Pipeline.Pipeline.OpaquePass.Ssao.DepthDownsample [label=I_5_200_200_1_Root.PreviewRendererSystemComponent Preview Pipeline.Pipeline.DepthPrePass.DepthToLinearDepthPass.LinearDepth]
  Root.PreviewRendererSystemComponent Preview Pipeline.Pipeline.OpaquePass.Ssao.DepthDownsample -> Root.PreviewRendererSystemComponent Preview Pipeline.Pipeline.OpaquePass.Ssao.SsaoCompute [label=I_3_100_100_1_Root.PreviewRendererSystemComponent Preview Pipeline.Pipeline.OpaquePass.Ssao.DepthDownsample.DownsampledDepth]
  Root.PreviewRendererSystemComponent Preview Pipeline.Pipeline.OpaquePass.Ssao.SsaoCompute -> Root.PreviewRendererSystemComponent Preview Pipeline.Pipeline.OpaquePass.Ssao.SsaoBlur.VerticalBlur [label=I_3_100_100_1_Root.PreviewRendererSystemComponent Preview Pipeline.Pipeline.OpaquePass.Ssao.DepthDownsample.DownsampledDepth]
  Root.PreviewRendererSystemComponent Preview Pipeline.Pipeline.OpaquePass.Ssao.SsaoBlur.VerticalBlur -> Root.PreviewRendererSystemComponent Preview Pipeline.Pipeline.OpaquePass.Ssao.SsaoBlur.HorizontalBlur [label=I_3_100_100_1_Root.PreviewRendererSystemComponent Preview Pipeline.Pipeline.OpaquePass.Ssao.DepthDownsample.DownsampledDepth]
  Root.PreviewRendererSystemComponent Preview Pipeline.Pipeline.OpaquePass.Ssao.DepthDownsample -> Root.PreviewRendererSystemComponent Preview Pipeline.Pipeline.OpaquePass.Ssao.Upsample [label=I_5_200_200_1_Root.PreviewRendererSystemComponent Preview Pipeline.Pipeline.DepthPrePass.DepthToLinearDepthPass.LinearDepth]
  Root.PreviewRendererSystemComponent Preview Pipeline.Pipeline.OpaquePass.Ssao.SsaoBlur.HorizontalBlur -> Root.PreviewRendererSystemComponent Preview Pipeline.Pipeline.OpaquePass.Ssao.Upsample [label=I_3_100_100_1_Root.PreviewRendererSystemComponent Preview Pipeline.Pipeline.OpaquePass.Ssao.DepthDownsample.DownsampledDepth]
  Root.PreviewRendererSystemComponent Preview Pipeline.Pipeline.OpaquePass.Ssao.Upsample -> Root.PreviewRendererSystemComponent Preview Pipeline.Pipeline.OpaquePass.Ssao.ModulateWithSsao [label=I_3_200_200_1_Root.PreviewRendererSystemComponent Preview Pipeline.Pipeline.OpaquePass.Ssao.Upsample.UpsampledOutput]
  Root.PreviewRendererSystemComponent Preview Pipeline.Pipeline.OpaquePass.SubsurfaceScatteringPass -> Root.PreviewRendererSystemComponent Preview Pipeline.Pipeline.OpaquePass.Ssao.ModulateWithSsao [label=I_3_200_200_1_Root.PreviewRendererSystemComponent Preview Pipeline.Pipeline.OpaquePass.SubsurfaceScatteringPass.FilteredOutput]
  Root.PreviewRendererSystemComponent Preview Pipeline.Pipeline.OpaquePass.Ssao.ModulateWithSsao -> Root.PreviewRendererSystemComponent Preview Pipeline.Pipeline.OpaquePass.DiffuseSpecularMergePass [label=I_3_200_200_1_Root.PreviewRendererSystemComponent Preview Pipeline.Pipeline.OpaquePass.SubsurfaceScatteringPass.FilteredOutput]
  Root.PreviewRendererSystemComponent Preview Pipeline.Pipeline.OpaquePass.MSAAResolveSpecularPass -> Root.PreviewRendererSystemComponent Preview Pipeline.Pipeline.OpaquePass.DiffuseSpecularMergePass [label=I_5_200_200_1_Root.PreviewRendererSystemComponent Preview Pipeline.Pipeline.OpaquePass.MSAAResolveSpecularPass.ResolvedOutput]
  Root.PreviewRendererSystemComponent Preview Pipeline.Pipeline.OpaquePass.ReflectionsPass.ReflectionProbeRenderInnerPass -> Root.PreviewRendererSystemComponent Preview Pipeline.Pipeline.TransparentPass.TransparentPass [label=I_43_100_100_1_$BrdfTexture]
  Root.PreviewRendererSystemComponent Preview Pipeline.Pipeline.OpaquePass.DiffuseSpecularMergePass -> Root.PreviewRendererSystemComponent Preview Pipeline.Pipeline.TransparentPass.TransparentPass [label=I_7_200_200_1_Root.PreviewRendererSystemComponent Preview Pipeline.Pipeline.OpaquePass.DiffuseSpecularMergePass.MergedOutput]
  Root.PreviewRendererSystemComponent Preview Pipeline.Pipeline.OpaquePass.ForwardSubsurface -> Root.PreviewRendererSystemComponent Preview Pipeline.Pipeline.TransparentPass.TransparentPass [label=I_19_1_1_1_Root.PreviewRendererSystemComponent Preview Pipeline.Pipeline.Shadows.Cascades.ShadowmapImage]
  Root.PreviewRendererSystemComponent Preview Pipeline.Pipeline.OpaquePass.Ssao.Upsample -> Root.PreviewRendererSystemComponent Preview Pipeline.Pipeline.TransparentPass.TransparentPass [label=I_5_200_200_1_Root.PreviewRendererSystemComponent Preview Pipeline.Pipeline.DepthPrePass.DepthToLinearDepthPass.LinearDepth]
  Root.PreviewRendererSystemComponent Preview Pipeline.Pipeline.MotionVectorPass.CameraMotionVectorPass -> Root.PreviewRendererSystemComponent Preview Pipeline.Pipeline.TransparentPass.TransparentPass [label=I_19_200_200_1_Root.PreviewRendererSystemComponent Preview Pipeline.Pipeline.DepthPrePass.MSAAResolveDepthPass.ResolvedDepthOutput]
  Root.PreviewRendererSystemComponent Preview Pipeline.Pipeline.TransparentPass.TransparentPass -> Root.PreviewRendererSystemComponent Preview Pipeline.Pipeline.PostProcessPass.LightAdaptation.DownsampleSinglePassLuminance [label=I_7_200_200_1_Root.PreviewRendererSystemComponent Preview Pipeline.Pipeline.OpaquePass.DiffuseSpecularMergePass.MergedOutput]
  Root.PreviewRendererSystemComponent Preview Pipeline.Pipeline.PostProcessPass.LightAdaptation.DownsampleSinglePassLuminance -> Root.PreviewRendererSystemComponent Preview Pipeline.Pipeline.PostProcessPass.LightAdaptation.LookModificationTransformPass.LookModificationComposite [label=I_7_200_200_1_Root.PreviewRendererSystemComponent Preview Pipeline.Pipeline.OpaquePass.DiffuseSpecularMergePass.MergedOutput]
  Root.PreviewRendererSystemComponent Preview Pipeline.Pipeline.PostProcessPass.LightAdaptation.LookModificationTransformPass.LookModificationComposite -> Root.PreviewRendererSystemComponent Preview Pipeline.Pipeline.PostProcessPass.LightAdaptation.DisplayMapperPass.AcesOutputTransform [label=I_5_200_200_1_Root.PreviewRendererSystemComponent Preview Pipeline.Pipeline.PostProcessPass.LightAdaptation.LookModificationTransformPass.LookModificationComposite.LookModificationTransformOutput]
  Root.PreviewRendererSystemComponent Preview Pipeline.Pipeline.PostProcessPass.LightAdaptation.DisplayMapperPass.AcesOutputTransform -> Root.PreviewRendererSystemComponent Preview Pipeline.Pipeline.AuxGeomPass [label=I_7_200_200_1_Root.PreviewRendererSystemComponent Preview Pipeline.Pipeline.PostProcessPass.LightAdaptation.DisplayMapperPass.DisplayMapperOutput]
  Root.PreviewRendererSystemComponent Preview Pipeline.Pipeline.TransparentPass.TransparentPass -> Root.PreviewRendererSystemComponent Preview Pipeline.Pipeline.AuxGeomPass [label=I_19_200_200_1_Root.PreviewRendererSystemComponent Preview Pipeline.Pipeline.DepthPrePass.MSAAResolveDepthPass.ResolvedDepthOutput]
  Root.PreviewRendererSystemComponent Preview Pipeline.Pipeline.AuxGeomPass -> Root.PreviewRendererSystemComponent Preview Pipeline.Pipeline.UIPass.2DPass [label=I_19_200_200_1_Root.PreviewRendererSystemComponent Preview Pipeline.Pipeline.DepthPrePass.MSAAResolveDepthPass.ResolvedDepthOutput]
  Root.PreviewRendererSystemComponent Preview Pipeline.Pipeline.UIPass.2DPass -> Root.PreviewRendererSystemComponent Preview Pipeline.Pipeline.UIPass.ImGuiPass [label=I_7_200_200_1_Root.PreviewRendererSystemComponent Preview Pipeline.Pipeline.PostProcessPass.LightAdaptation.DisplayMapperPass.DisplayMapperOutput]
  Root.PreviewRendererSystemComponent Preview Pipeline.Pipeline.UIPass.ImGuiPass -> Root.PreviewRendererSystemComponent Preview Pipeline.Pipeline.CopyToSwapChain [label=I_7_200_200_1_Root.PreviewRendererSystemComponent Preview Pipeline.Pipeline.PostProcessPass.LightAdaptation.DisplayMapperPass.DisplayMapperOutput]
  Root.Test_0.FullscreenShadowPass_DistPre -> Root.Test_0.FullscreenShadowPass_Dist [label=I_19_1_1_1_Root.Test_0.FullscreenShadowPass_DistPre.ShadowmapImage]
  Root.Test_0.FullscreenShadowPass_Dist -> Root.Test_0.FullscreenShadowPass_DistAfter [label=I_45_46d_26c_1_Root.Test_0.FullscreenShadowPass_Dist.Result]
